<?xml version="1.0" encoding="UTF-8"?>
<robot generator="Robot 3.2.2 (Python 3.6.9 on linux)" generated="20201108 21:20:59.249" rpa="false">
<suite id="s1" name="Exercise 2 2" source="/home/diman/git/homeworks/homework9/Tests/Exercise_2_2.robot">
<test id="s1-t1" name="Test Class Admin Python">
<kw name="Login To Admin Page" library="LoginAdmin">
<msg timestamp="20201108 21:21:05.329" level="INFO">Это из методка ЛогинАдмин</msg>
<status status="PASS" starttime="20201108 21:21:03.267" endtime="20201108 21:21:05.329"></status>
</kw>
<status status="PASS" starttime="20201108 21:21:03.208" endtime="20201108 21:21:05.330" critical="yes"></status>
</test>
<test id="s1-t2" name="Test Class Client Python">
<kw name="Login To Client" library="LoginClient">
<msg timestamp="20201108 21:21:07.666" level="INFO">Это из методка ЛогинКлиент</msg>
<status status="PASS" starttime="20201108 21:21:05.332" endtime="20201108 21:21:07.667"></status>
</kw>
<status status="PASS" starttime="20201108 21:21:05.331" endtime="20201108 21:21:07.668" critical="yes"></status>
</test>
<doc>Тесты на основе своих классов на Python</doc>
<status status="PASS" starttime="20201108 21:20:59.250" endtime="20201108 21:21:07.670"></status>
</suite>
<statistics>
<total>
<stat pass="2" fail="0">Critical Tests</stat>
<stat pass="2" fail="0">All Tests</stat>
</total>
<tag>
</tag>
<suite>
<stat pass="2" fail="0" id="s1" name="Exercise 2 2">Exercise 2 2</stat>
</suite>
</statistics>
<errors>
</errors>
</robot>
