<?xml version="1.0" encoding="UTF-8"?>
<robot generator="Robot 3.2.2 (Python 3.6.9 on linux)" generated="20201108 21:17:01.882" rpa="false">
<suite id="s1" name="Exercise 2" source="/home/diman/git/homeworks/homework9/Tests/Exercise_2.robot">
<kw name="Connect To Database" library="DatabaseLibrary" type="setup">
<doc>Loads the DB API 2.0 module given `dbapiModuleName` then uses it to
connect to the database using `dbName`, `dbUsername`, and `dbPassword`.</doc>
<arguments>
<arg>pymysql</arg>
<arg>${DBName}</arg>
<arg>${DBUser}</arg>
<arg>${DBPass}</arg>
<arg>${DBHost}</arg>
<arg>${DBPort}</arg>
</arguments>
<msg timestamp="20201108 21:17:02.079" level="INFO">Connecting using : pymysql.connect(db=bitnami_opencart, user=bn_opencart, passwd=, host=127.0.0.1, port=3306, charset=None) </msg>
<status status="PASS" starttime="20201108 21:17:02.056" endtime="20201108 21:17:02.082"></status>
</kw>
<test id="s1-t1" name="Add Product">
<kw name="Open Browser" library="SeleniumLibrary" type="setup">
<doc>Opens a new browser instance to the optional ``url``.</doc>
<arguments>
<arg>${LOGIN URL}</arg>
<arg>${BROWSER}</arg>
<arg>options=add_argument("--ignore-certificate-errors")</arg>
</arguments>
<msg timestamp="20201108 21:17:02.084" level="INFO">Opening browser 'Chrome' to base url 'http://localhost/admin/'.</msg>
<status status="PASS" starttime="20201108 21:17:02.084" endtime="20201108 21:17:03.887"></status>
</kw>
<kw name="Login With">
<kw name="Wait Until Element Is Visible" library="SeleniumLibrary">
<doc>Waits until the element ``locator`` is visible.</doc>
<arguments>
<arg>${LOGIN_FORM}</arg>
</arguments>
<status status="PASS" starttime="20201108 21:17:03.891" endtime="20201108 21:17:03.930"></status>
</kw>
<kw name="Input Text" library="SeleniumLibrary">
<doc>Types the given ``text`` into the text field identified by ``locator``.</doc>
<arguments>
<arg>${USERNAME_INPUT}</arg>
<arg>${USERNAME}</arg>
</arguments>
<msg timestamp="20201108 21:17:03.930" level="INFO">Typing text 'user' into text field 'css=#input-username'.</msg>
<status status="PASS" starttime="20201108 21:17:03.930" endtime="20201108 21:17:04.065"></status>
</kw>
<kw name="Input Text" library="SeleniumLibrary">
<doc>Types the given ``text`` into the text field identified by ``locator``.</doc>
<arguments>
<arg>${PASSWORD_INPUT}</arg>
<arg>${PASSWORD}</arg>
</arguments>
<msg timestamp="20201108 21:17:04.066" level="INFO">Typing text 'bitnami' into text field 'css=#input-password'.</msg>
<status status="PASS" starttime="20201108 21:17:04.065" endtime="20201108 21:17:04.211"></status>
</kw>
<kw name="Capture Page Screenshot" library="SeleniumLibrary">
<doc>Takes a screenshot of the current page and embeds it into a log file.</doc>
<msg timestamp="20201108 21:17:04.316" level="INFO" html="yes">&lt;/td&gt;&lt;/tr&gt;&lt;tr&gt;&lt;td colspan="3"&gt;&lt;a href="selenium-screenshot-1.png"&gt;&lt;img src="selenium-screenshot-1.png" width="800px"&gt;&lt;/a&gt;</msg>
<status status="PASS" starttime="20201108 21:17:04.211" endtime="20201108 21:17:04.317"></status>
</kw>
<kw name="Submit Form" library="SeleniumLibrary">
<doc>Submits a form identified by ``locator``.</doc>
<arguments>
<arg>${LOGIN_FORM}</arg>
</arguments>
<msg timestamp="20201108 21:17:04.317" level="INFO">Submitting form 'css=form'.</msg>
<status status="PASS" starttime="20201108 21:17:04.317" endtime="20201108 21:17:04.958"></status>
</kw>
<kw name="Capture Page Screenshot" library="SeleniumLibrary">
<doc>Takes a screenshot of the current page and embeds it into a log file.</doc>
<msg timestamp="20201108 21:17:05.064" level="INFO" html="yes">&lt;/td&gt;&lt;/tr&gt;&lt;tr&gt;&lt;td colspan="3"&gt;&lt;a href="selenium-screenshot-2.png"&gt;&lt;img src="selenium-screenshot-2.png" width="800px"&gt;&lt;/a&gt;</msg>
<status status="PASS" starttime="20201108 21:17:04.958" endtime="20201108 21:17:05.064"></status>
</kw>
<status status="PASS" starttime="20201108 21:17:03.888" endtime="20201108 21:17:05.064"></status>
</kw>
<kw name="Open Catalog Products">
<kw name="Click Element" library="SeleniumLibrary">
<doc>Click the element identified by ``locator``.</doc>
<arguments>
<arg>${MENU_CATALOG}</arg>
</arguments>
<msg timestamp="20201108 21:17:05.065" level="INFO">Clicking element 'css=#menu-catalog'.</msg>
<status status="PASS" starttime="20201108 21:17:05.065" endtime="20201108 21:17:05.119"></status>
</kw>
<kw name="Capture Page Screenshot" library="SeleniumLibrary">
<doc>Takes a screenshot of the current page and embeds it into a log file.</doc>
<msg timestamp="20201108 21:17:05.226" level="INFO" html="yes">&lt;/td&gt;&lt;/tr&gt;&lt;tr&gt;&lt;td colspan="3"&gt;&lt;a href="selenium-screenshot-3.png"&gt;&lt;img src="selenium-screenshot-3.png" width="800px"&gt;&lt;/a&gt;</msg>
<status status="PASS" starttime="20201108 21:17:05.119" endtime="20201108 21:17:05.226"></status>
</kw>
<kw name="Get WebElements" library="SeleniumLibrary">
<doc>Returns a list of WebElement objects matching the ``locator``.</doc>
<arguments>
<arg>${CATALOG_ITEMS}</arg>
</arguments>
<assign>
<var>${catalog_items}</var>
</assign>
<msg timestamp="20201108 21:17:05.241" level="INFO">${catalog_items} = [&lt;selenium.webdriver.remote.webelement.WebElement (session="de8534ad46f0307ad5cc5d627cfafcc8", element="1a97d373-cb1a-40a6-9768-92bfd753a09a")&gt;, &lt;selenium.webdriver.remote.webelement.WebElement (sessi...</msg>
<status status="PASS" starttime="20201108 21:17:05.226" endtime="20201108 21:17:05.241"></status>
</kw>
<kw name="Wait Until Keyword Succeeds" library="BuiltIn">
<doc>Runs the specified keyword and retries if it fails.</doc>
<arguments>
<arg>3 sec</arg>
<arg>1 sec</arg>
<arg>Click Element</arg>
<arg>${catalog_items}[1]</arg>
</arguments>
<kw name="Click Element" library="SeleniumLibrary">
<doc>Click the element identified by ``locator``.</doc>
<arguments>
<arg>${catalog_items}[1]</arg>
</arguments>
<msg timestamp="20201108 21:17:05.242" level="INFO">Clicking element '&lt;selenium.webdriver.remote.webelement.WebElement (session="de8534ad46f0307ad5cc5d627cfafcc8", element="7c270fbf-bf13-4bae-84d6-9e0636f4589d")&gt;'.</msg>
<status status="PASS" starttime="20201108 21:17:05.242" endtime="20201108 21:17:05.493"></status>
</kw>
<status status="PASS" starttime="20201108 21:17:05.242" endtime="20201108 21:17:05.493"></status>
</kw>
<kw name="Wait Until Page Contains Element" library="SeleniumLibrary">
<doc>Waits until the element ``locator`` appears on the current page.</doc>
<arguments>
<arg>xpath=//h1[text()='Products']</arg>
</arguments>
<status status="PASS" starttime="20201108 21:17:05.493" endtime="20201108 21:17:05.509"></status>
</kw>
<kw name="Capture Page Screenshot" library="SeleniumLibrary">
<doc>Takes a screenshot of the current page and embeds it into a log file.</doc>
<msg timestamp="20201108 21:17:05.616" level="INFO" html="yes">&lt;/td&gt;&lt;/tr&gt;&lt;tr&gt;&lt;td colspan="3"&gt;&lt;a href="selenium-screenshot-4.png"&gt;&lt;img src="selenium-screenshot-4.png" width="800px"&gt;&lt;/a&gt;</msg>
<status status="PASS" starttime="20201108 21:17:05.509" endtime="20201108 21:17:05.616"></status>
</kw>
<status status="PASS" starttime="20201108 21:17:05.064" endtime="20201108 21:17:05.616"></status>
</kw>
<kw name="Add Product To Catalog">
<arguments>
<arg>test1</arg>
<arg>test2</arg>
<arg>test3</arg>
</arguments>
<kw name="Open Catalog Products">
<kw name="Click Element" library="SeleniumLibrary">
<doc>Click the element identified by ``locator``.</doc>
<arguments>
<arg>${MENU_CATALOG}</arg>
</arguments>
<msg timestamp="20201108 21:17:05.617" level="INFO">Clicking element 'css=#menu-catalog'.</msg>
<status status="PASS" starttime="20201108 21:17:05.617" endtime="20201108 21:17:05.668"></status>
</kw>
<kw name="Capture Page Screenshot" library="SeleniumLibrary">
<doc>Takes a screenshot of the current page and embeds it into a log file.</doc>
<msg timestamp="20201108 21:17:05.772" level="INFO" html="yes">&lt;/td&gt;&lt;/tr&gt;&lt;tr&gt;&lt;td colspan="3"&gt;&lt;a href="selenium-screenshot-5.png"&gt;&lt;img src="selenium-screenshot-5.png" width="800px"&gt;&lt;/a&gt;</msg>
<status status="PASS" starttime="20201108 21:17:05.668" endtime="20201108 21:17:05.772"></status>
</kw>
<kw name="Get WebElements" library="SeleniumLibrary">
<doc>Returns a list of WebElement objects matching the ``locator``.</doc>
<arguments>
<arg>${CATALOG_ITEMS}</arg>
</arguments>
<assign>
<var>${catalog_items}</var>
</assign>
<msg timestamp="20201108 21:17:05.785" level="INFO">${catalog_items} = [&lt;selenium.webdriver.remote.webelement.WebElement (session="de8534ad46f0307ad5cc5d627cfafcc8", element="ee73dab4-d25e-457b-a7ab-7e639da972c4")&gt;, &lt;selenium.webdriver.remote.webelement.WebElement (sessi...</msg>
<status status="PASS" starttime="20201108 21:17:05.772" endtime="20201108 21:17:05.785"></status>
</kw>
<kw name="Wait Until Keyword Succeeds" library="BuiltIn">
<doc>Runs the specified keyword and retries if it fails.</doc>
<arguments>
<arg>3 sec</arg>
<arg>1 sec</arg>
<arg>Click Element</arg>
<arg>${catalog_items}[1]</arg>
</arguments>
<kw name="Click Element" library="SeleniumLibrary">
<doc>Click the element identified by ``locator``.</doc>
<arguments>
<arg>${catalog_items}[1]</arg>
</arguments>
<msg timestamp="20201108 21:17:05.786" level="INFO">Clicking element '&lt;selenium.webdriver.remote.webelement.WebElement (session="de8534ad46f0307ad5cc5d627cfafcc8", element="22462ece-1423-47a6-9208-9bfda3c87a28")&gt;'.</msg>
<status status="PASS" starttime="20201108 21:17:05.786" endtime="20201108 21:17:05.962"></status>
</kw>
<status status="PASS" starttime="20201108 21:17:05.785" endtime="20201108 21:17:05.962"></status>
</kw>
<kw name="Wait Until Page Contains Element" library="SeleniumLibrary">
<doc>Waits until the element ``locator`` appears on the current page.</doc>
<arguments>
<arg>xpath=//h1[text()='Products']</arg>
</arguments>
<status status="PASS" starttime="20201108 21:17:05.962" endtime="20201108 21:17:05.978"></status>
</kw>
<kw name="Capture Page Screenshot" library="SeleniumLibrary">
<doc>Takes a screenshot of the current page and embeds it into a log file.</doc>
<msg timestamp="20201108 21:17:06.079" level="INFO" html="yes">&lt;/td&gt;&lt;/tr&gt;&lt;tr&gt;&lt;td colspan="3"&gt;&lt;a href="selenium-screenshot-6.png"&gt;&lt;img src="selenium-screenshot-6.png" width="800px"&gt;&lt;/a&gt;</msg>
<status status="PASS" starttime="20201108 21:17:05.978" endtime="20201108 21:17:06.079"></status>
</kw>
<status status="PASS" starttime="20201108 21:17:05.617" endtime="20201108 21:17:06.080"></status>
</kw>
<kw name="Capture Page Screenshot" library="SeleniumLibrary">
<doc>Takes a screenshot of the current page and embeds it into a log file.</doc>
<msg timestamp="20201108 21:17:06.177" level="INFO" html="yes">&lt;/td&gt;&lt;/tr&gt;&lt;tr&gt;&lt;td colspan="3"&gt;&lt;a href="selenium-screenshot-7.png"&gt;&lt;img src="selenium-screenshot-7.png" width="800px"&gt;&lt;/a&gt;</msg>
<status status="PASS" starttime="20201108 21:17:06.080" endtime="20201108 21:17:06.178"></status>
</kw>
<kw name="Click Element" library="SeleniumLibrary">
<doc>Click the element identified by ``locator``.</doc>
<arguments>
<arg>${ADD_NEW_PRODUCT}</arg>
</arguments>
<msg timestamp="20201108 21:17:06.178" level="INFO">Clicking element 'xpath=//a[@data-original-title='Add New']'.</msg>
<status status="PASS" starttime="20201108 21:17:06.178" endtime="20201108 21:17:06.661"></status>
</kw>
<kw name="Capture Page Screenshot" library="SeleniumLibrary">
<doc>Takes a screenshot of the current page and embeds it into a log file.</doc>
<msg timestamp="20201108 21:17:06.760" level="INFO" html="yes">&lt;/td&gt;&lt;/tr&gt;&lt;tr&gt;&lt;td colspan="3"&gt;&lt;a href="selenium-screenshot-8.png"&gt;&lt;img src="selenium-screenshot-8.png" width="800px"&gt;&lt;/a&gt;</msg>
<status status="PASS" starttime="20201108 21:17:06.662" endtime="20201108 21:17:06.760"></status>
</kw>
<kw name="Input Text" library="SeleniumLibrary">
<doc>Types the given ``text`` into the text field identified by ``locator``.</doc>
<arguments>
<arg>${PRODUCT_NAME_INPUT}</arg>
<arg>${product_name}</arg>
</arguments>
<msg timestamp="20201108 21:17:06.761" level="INFO">Typing text 'test1' into text field 'css=#input-name1'.</msg>
<status status="PASS" starttime="20201108 21:17:06.761" endtime="20201108 21:17:06.878"></status>
</kw>
<kw name="Capture Page Screenshot" library="SeleniumLibrary">
<doc>Takes a screenshot of the current page and embeds it into a log file.</doc>
<msg timestamp="20201108 21:17:07.007" level="INFO" html="yes">&lt;/td&gt;&lt;/tr&gt;&lt;tr&gt;&lt;td colspan="3"&gt;&lt;a href="selenium-screenshot-9.png"&gt;&lt;img src="selenium-screenshot-9.png" width="800px"&gt;&lt;/a&gt;</msg>
<status status="PASS" starttime="20201108 21:17:06.878" endtime="20201108 21:17:07.007"></status>
</kw>
<kw name="Input Text" library="SeleniumLibrary">
<doc>Types the given ``text`` into the text field identified by ``locator``.</doc>
<arguments>
<arg>${PRODUCT_META_INPUT}</arg>
<arg>${product_meta}</arg>
</arguments>
<msg timestamp="20201108 21:17:07.008" level="INFO">Typing text 'test2' into text field 'css=#input-meta-title1'.</msg>
<status status="PASS" starttime="20201108 21:17:07.007" endtime="20201108 21:17:07.111"></status>
</kw>
<kw name="Capture Page Screenshot" library="SeleniumLibrary">
<doc>Takes a screenshot of the current page and embeds it into a log file.</doc>
<msg timestamp="20201108 21:17:07.213" level="INFO" html="yes">&lt;/td&gt;&lt;/tr&gt;&lt;tr&gt;&lt;td colspan="3"&gt;&lt;a href="selenium-screenshot-10.png"&gt;&lt;img src="selenium-screenshot-10.png" width="800px"&gt;&lt;/a&gt;</msg>
<status status="PASS" starttime="20201108 21:17:07.111" endtime="20201108 21:17:07.213"></status>
</kw>
<kw name="Click Link" library="SeleniumLibrary">
<doc>Clicks a link identified by ``locator``.</doc>
<arguments>
<arg>${DATA_PRODUCT_TAB}</arg>
</arguments>
<msg timestamp="20201108 21:17:07.214" level="INFO">Clicking link 'Data'.</msg>
<status status="PASS" starttime="20201108 21:17:07.213" endtime="20201108 21:17:07.299"></status>
</kw>
<kw name="Capture Page Screenshot" library="SeleniumLibrary">
<doc>Takes a screenshot of the current page and embeds it into a log file.</doc>
<msg timestamp="20201108 21:17:07.389" level="INFO" html="yes">&lt;/td&gt;&lt;/tr&gt;&lt;tr&gt;&lt;td colspan="3"&gt;&lt;a href="selenium-screenshot-11.png"&gt;&lt;img src="selenium-screenshot-11.png" width="800px"&gt;&lt;/a&gt;</msg>
<status status="PASS" starttime="20201108 21:17:07.300" endtime="20201108 21:17:07.389"></status>
</kw>
<kw name="Input Text" library="SeleniumLibrary">
<doc>Types the given ``text`` into the text field identified by ``locator``.</doc>
<arguments>
<arg>${PRODUCT_MODEL_INPUT}</arg>
<arg>${product_model}</arg>
</arguments>
<msg timestamp="20201108 21:17:07.390" level="INFO">Typing text 'test3' into text field 'css=#input-model'.</msg>
<status status="PASS" starttime="20201108 21:17:07.389" endtime="20201108 21:17:07.500"></status>
</kw>
<kw name="Capture Page Screenshot" library="SeleniumLibrary">
<doc>Takes a screenshot of the current page and embeds it into a log file.</doc>
<msg timestamp="20201108 21:17:07.590" level="INFO" html="yes">&lt;/td&gt;&lt;/tr&gt;&lt;tr&gt;&lt;td colspan="3"&gt;&lt;a href="selenium-screenshot-12.png"&gt;&lt;img src="selenium-screenshot-12.png" width="800px"&gt;&lt;/a&gt;</msg>
<status status="PASS" starttime="20201108 21:17:07.500" endtime="20201108 21:17:07.591"></status>
</kw>
<kw name="Click Element" library="SeleniumLibrary">
<doc>Click the element identified by ``locator``.</doc>
<arguments>
<arg>${SAVE_NEW_PRODUCT}</arg>
</arguments>
<msg timestamp="20201108 21:17:07.591" level="INFO">Clicking element 'xpath=//button[@data-original-title='Save']'.</msg>
<status status="PASS" starttime="20201108 21:17:07.591" endtime="20201108 21:17:07.886"></status>
</kw>
<status status="PASS" starttime="20201108 21:17:05.616" endtime="20201108 21:17:07.886"></status>
</kw>
<kw name="Check Product In Database">
<arguments>
<arg>test3</arg>
</arguments>
<kw name="Check If Exists In Database" library="DatabaseLibrary">
<doc>Check if any row would be returned by given the input `selectStatement`. If there are no results, then this will
throw an AssertionError. Set optional input `sansTran` to True to run command without an explicit transaction
commit or rollback.</doc>
<arguments>
<arg>select model from ${PRODUCT_DB} where model = '${value}'</arg>
</arguments>
<msg timestamp="20201108 21:17:07.887" level="INFO">Executing : Check If Exists In Database  |  select model from oc_product where model = 'test3' </msg>
<msg timestamp="20201108 21:17:07.888" level="INFO">Executing : Query  |  select model from oc_product where model = 'test3' </msg>
<status status="PASS" starttime="20201108 21:17:07.887" endtime="20201108 21:17:07.889"></status>
</kw>
<status status="PASS" starttime="20201108 21:17:07.886" endtime="20201108 21:17:07.890"></status>
</kw>
<kw name="Check Row Count">
<arguments>
<arg>20</arg>
</arguments>
<kw name="Row Count" library="DatabaseLibrary">
<doc>Uses the input `selectStatement` to query the database and returns the number of rows from the query. Set
optional input `sansTran` to True to run command without an explicit transaction commit or rollback.</doc>
<arguments>
<arg>select * from ${PRODUCT_DB}</arg>
</arguments>
<msg timestamp="20201108 21:17:07.892" level="INFO">Executing : Row Count  |  select * from oc_product </msg>
<status status="PASS" starttime="20201108 21:17:07.891" endtime="20201108 21:17:07.896"></status>
</kw>
<status status="PASS" starttime="20201108 21:17:07.890" endtime="20201108 21:17:07.896"></status>
</kw>
<kw name="Close Browser" library="SeleniumLibrary" type="teardown">
<doc>Closes the current browser.</doc>
<status status="PASS" starttime="20201108 21:17:07.897" endtime="20201108 21:17:07.957"></status>
</kw>
<status status="PASS" starttime="20201108 21:17:02.082" endtime="20201108 21:17:07.958" critical="yes"></status>
</test>
<test id="s1-t2" name="Delete Product">
<kw name="Open Browser" library="SeleniumLibrary" type="setup">
<doc>Opens a new browser instance to the optional ``url``.</doc>
<arguments>
<arg>${LOGIN URL}</arg>
<arg>${BROWSER}</arg>
<arg>options=add_argument("--ignore-certificate-errors")</arg>
</arguments>
<msg timestamp="20201108 21:17:07.959" level="INFO">Opening browser 'Chrome' to base url 'http://localhost/admin/'.</msg>
<status status="PASS" starttime="20201108 21:17:07.959" endtime="20201108 21:17:09.817"></status>
</kw>
<kw name="Login With">
<kw name="Wait Until Element Is Visible" library="SeleniumLibrary">
<doc>Waits until the element ``locator`` is visible.</doc>
<arguments>
<arg>${LOGIN_FORM}</arg>
</arguments>
<status status="PASS" starttime="20201108 21:17:09.818" endtime="20201108 21:17:09.857"></status>
</kw>
<kw name="Input Text" library="SeleniumLibrary">
<doc>Types the given ``text`` into the text field identified by ``locator``.</doc>
<arguments>
<arg>${USERNAME_INPUT}</arg>
<arg>${USERNAME}</arg>
</arguments>
<msg timestamp="20201108 21:17:09.857" level="INFO">Typing text 'user' into text field 'css=#input-username'.</msg>
<status status="PASS" starttime="20201108 21:17:09.857" endtime="20201108 21:17:09.965"></status>
</kw>
<kw name="Input Text" library="SeleniumLibrary">
<doc>Types the given ``text`` into the text field identified by ``locator``.</doc>
<arguments>
<arg>${PASSWORD_INPUT}</arg>
<arg>${PASSWORD}</arg>
</arguments>
<msg timestamp="20201108 21:17:09.965" level="INFO">Typing text 'bitnami' into text field 'css=#input-password'.</msg>
<status status="PASS" starttime="20201108 21:17:09.965" endtime="20201108 21:17:10.064"></status>
</kw>
<kw name="Capture Page Screenshot" library="SeleniumLibrary">
<doc>Takes a screenshot of the current page and embeds it into a log file.</doc>
<msg timestamp="20201108 21:17:10.149" level="INFO" html="yes">&lt;/td&gt;&lt;/tr&gt;&lt;tr&gt;&lt;td colspan="3"&gt;&lt;a href="selenium-screenshot-13.png"&gt;&lt;img src="selenium-screenshot-13.png" width="800px"&gt;&lt;/a&gt;</msg>
<status status="PASS" starttime="20201108 21:17:10.065" endtime="20201108 21:17:10.149"></status>
</kw>
<kw name="Submit Form" library="SeleniumLibrary">
<doc>Submits a form identified by ``locator``.</doc>
<arguments>
<arg>${LOGIN_FORM}</arg>
</arguments>
<msg timestamp="20201108 21:17:10.149" level="INFO">Submitting form 'css=form'.</msg>
<status status="PASS" starttime="20201108 21:17:10.149" endtime="20201108 21:17:10.813"></status>
</kw>
<kw name="Capture Page Screenshot" library="SeleniumLibrary">
<doc>Takes a screenshot of the current page and embeds it into a log file.</doc>
<msg timestamp="20201108 21:17:10.926" level="INFO" html="yes">&lt;/td&gt;&lt;/tr&gt;&lt;tr&gt;&lt;td colspan="3"&gt;&lt;a href="selenium-screenshot-14.png"&gt;&lt;img src="selenium-screenshot-14.png" width="800px"&gt;&lt;/a&gt;</msg>
<status status="PASS" starttime="20201108 21:17:10.813" endtime="20201108 21:17:10.927"></status>
</kw>
<status status="PASS" starttime="20201108 21:17:09.817" endtime="20201108 21:17:10.927"></status>
</kw>
<kw name="Open Catalog Products">
<kw name="Click Element" library="SeleniumLibrary">
<doc>Click the element identified by ``locator``.</doc>
<arguments>
<arg>${MENU_CATALOG}</arg>
</arguments>
<msg timestamp="20201108 21:17:10.928" level="INFO">Clicking element 'css=#menu-catalog'.</msg>
<status status="PASS" starttime="20201108 21:17:10.928" endtime="20201108 21:17:10.984"></status>
</kw>
<kw name="Capture Page Screenshot" library="SeleniumLibrary">
<doc>Takes a screenshot of the current page and embeds it into a log file.</doc>
<msg timestamp="20201108 21:17:11.098" level="INFO" html="yes">&lt;/td&gt;&lt;/tr&gt;&lt;tr&gt;&lt;td colspan="3"&gt;&lt;a href="selenium-screenshot-15.png"&gt;&lt;img src="selenium-screenshot-15.png" width="800px"&gt;&lt;/a&gt;</msg>
<status status="PASS" starttime="20201108 21:17:10.985" endtime="20201108 21:17:11.098"></status>
</kw>
<kw name="Get WebElements" library="SeleniumLibrary">
<doc>Returns a list of WebElement objects matching the ``locator``.</doc>
<arguments>
<arg>${CATALOG_ITEMS}</arg>
</arguments>
<assign>
<var>${catalog_items}</var>
</assign>
<msg timestamp="20201108 21:17:11.111" level="INFO">${catalog_items} = [&lt;selenium.webdriver.remote.webelement.WebElement (session="6010691b06fbe539032a117e44ef4fae", element="ac508470-635a-4338-8902-4b0d67236fc1")&gt;, &lt;selenium.webdriver.remote.webelement.WebElement (sessi...</msg>
<status status="PASS" starttime="20201108 21:17:11.099" endtime="20201108 21:17:11.111"></status>
</kw>
<kw name="Wait Until Keyword Succeeds" library="BuiltIn">
<doc>Runs the specified keyword and retries if it fails.</doc>
<arguments>
<arg>3 sec</arg>
<arg>1 sec</arg>
<arg>Click Element</arg>
<arg>${catalog_items}[1]</arg>
</arguments>
<kw name="Click Element" library="SeleniumLibrary">
<doc>Click the element identified by ``locator``.</doc>
<arguments>
<arg>${catalog_items}[1]</arg>
</arguments>
<msg timestamp="20201108 21:17:11.112" level="INFO">Clicking element '&lt;selenium.webdriver.remote.webelement.WebElement (session="6010691b06fbe539032a117e44ef4fae", element="af6f852a-71b5-4a4a-bd61-abbed212fcf5")&gt;'.</msg>
<status status="PASS" starttime="20201108 21:17:11.112" endtime="20201108 21:17:11.373"></status>
</kw>
<status status="PASS" starttime="20201108 21:17:11.112" endtime="20201108 21:17:11.373"></status>
</kw>
<kw name="Wait Until Page Contains Element" library="SeleniumLibrary">
<doc>Waits until the element ``locator`` appears on the current page.</doc>
<arguments>
<arg>xpath=//h1[text()='Products']</arg>
</arguments>
<status status="PASS" starttime="20201108 21:17:11.373" endtime="20201108 21:17:11.392"></status>
</kw>
<kw name="Capture Page Screenshot" library="SeleniumLibrary">
<doc>Takes a screenshot of the current page and embeds it into a log file.</doc>
<msg timestamp="20201108 21:17:11.508" level="INFO" html="yes">&lt;/td&gt;&lt;/tr&gt;&lt;tr&gt;&lt;td colspan="3"&gt;&lt;a href="selenium-screenshot-16.png"&gt;&lt;img src="selenium-screenshot-16.png" width="800px"&gt;&lt;/a&gt;</msg>
<status status="PASS" starttime="20201108 21:17:11.393" endtime="20201108 21:17:11.508"></status>
</kw>
<status status="PASS" starttime="20201108 21:17:10.927" endtime="20201108 21:17:11.508"></status>
</kw>
<kw name="Delete Product in GUI">
<kw name="Capture Page Screenshot" library="SeleniumLibrary">
<doc>Takes a screenshot of the current page and embeds it into a log file.</doc>
<msg timestamp="20201108 21:17:11.595" level="INFO" html="yes">&lt;/td&gt;&lt;/tr&gt;&lt;tr&gt;&lt;td colspan="3"&gt;&lt;a href="selenium-screenshot-17.png"&gt;&lt;img src="selenium-screenshot-17.png" width="800px"&gt;&lt;/a&gt;</msg>
<status status="PASS" starttime="20201108 21:17:11.509" endtime="20201108 21:17:11.596"></status>
</kw>
<kw name="Click Element" library="SeleniumLibrary">
<doc>Click the element identified by ``locator``.</doc>
<arguments>
<arg>${TEST_CHECKBOX}</arg>
</arguments>
<msg timestamp="20201108 21:17:11.596" level="INFO">Clicking element 'xpath=//tbody/tr[20]/td[1]/input'.</msg>
<status status="PASS" starttime="20201108 21:17:11.596" endtime="20201108 21:17:11.665"></status>
</kw>
<kw name="Capture Page Screenshot" library="SeleniumLibrary">
<doc>Takes a screenshot of the current page and embeds it into a log file.</doc>
<msg timestamp="20201108 21:17:11.784" level="INFO" html="yes">&lt;/td&gt;&lt;/tr&gt;&lt;tr&gt;&lt;td colspan="3"&gt;&lt;a href="selenium-screenshot-18.png"&gt;&lt;img src="selenium-screenshot-18.png" width="800px"&gt;&lt;/a&gt;</msg>
<status status="PASS" starttime="20201108 21:17:11.666" endtime="20201108 21:17:11.784"></status>
</kw>
<kw name="Click Button" library="SeleniumLibrary">
<doc>Clicks the button identified by ``locator``.</doc>
<arguments>
<arg>${DELETE_PRODUCT}</arg>
</arguments>
<msg timestamp="20201108 21:17:11.785" level="INFO">Clicking button 'xpath=//button[@data-original-title='Delete']'.</msg>
<status status="PASS" starttime="20201108 21:17:11.784" endtime="20201108 21:17:11.864"></status>
</kw>
<kw name="Capture Page Screenshot" library="SeleniumLibrary">
<doc>Takes a screenshot of the current page and embeds it into a log file.</doc>
<kw name="Capture Page Screenshot" library="SeleniumLibrary">
<doc>Takes a screenshot of the current page and embeds it into a log file.</doc>
<msg timestamp="20201108 21:17:11.982" level="INFO" html="yes">&lt;/td&gt;&lt;/tr&gt;&lt;tr&gt;&lt;td colspan="3"&gt;&lt;a href="selenium-screenshot-19.png"&gt;&lt;img src="selenium-screenshot-19.png" width="800px"&gt;&lt;/a&gt;</msg>
<status status="PASS" starttime="20201108 21:17:11.867" endtime="20201108 21:17:11.982"></status>
</kw>
<msg timestamp="20201108 21:17:11.983" level="FAIL">UnexpectedAlertPresentException: Alert Text: Are you sure?
Message: unexpected alert open: {Alert text : Are you sure?}
  (Session info: chrome=84.0.4147.105)
</msg>
<status status="FAIL" starttime="20201108 21:17:11.864" endtime="20201108 21:17:11.983"></status>
</kw>
<status status="FAIL" starttime="20201108 21:17:11.508" endtime="20201108 21:17:11.984"></status>
</kw>
<kw name="Close Browser" library="SeleniumLibrary" type="teardown">
<doc>Closes the current browser.</doc>
<status status="PASS" starttime="20201108 21:17:11.984" endtime="20201108 21:17:12.042"></status>
</kw>
<status status="FAIL" starttime="20201108 21:17:07.958" endtime="20201108 21:17:12.042" critical="yes">UnexpectedAlertPresentException: Alert Text: Are you sure?
Message: unexpected alert open: {Alert text : Are you sure?}
  (Session info: chrome=84.0.4147.105)
</status>
</test>
<kw name="Disconnect From Database" library="DatabaseLibrary" type="teardown">
<doc>Disconnects from the database.</doc>
<msg timestamp="20201108 21:17:12.045" level="INFO">Executing : Disconnect From Database</msg>
<status status="PASS" starttime="20201108 21:17:12.045" endtime="20201108 21:17:12.045"></status>
</kw>
<status status="FAIL" starttime="20201108 21:17:01.883" endtime="20201108 21:17:12.045"></status>
</suite>
<statistics>
<total>
<stat pass="1" fail="1">Critical Tests</stat>
<stat pass="1" fail="1">All Tests</stat>
</total>
<tag>
</tag>
<suite>
<stat pass="1" fail="1" id="s1" name="Exercise 2">Exercise 2</stat>
</suite>
</statistics>
<errors>
</errors>
</robot>
